{
  "stats": {
    "suites": 1,
    "tests": 4,
    "passes": 4,
    "pending": 0,
    "failures": 0,
    "start": "2024-04-14T20:13:19.761Z",
    "end": "2024-04-14T20:13:27.269Z",
    "duration": 7508,
    "testsRegistered": 4,
    "passPercent": 100,
    "pendingPercent": 0,
    "other": 0,
    "hasOther": false,
    "skipped": 0,
    "hasSkipped": false
  },
  "results": [
    {
      "uuid": "6e9db285-c432-421d-87cf-5310c21bd546",
      "title": "",
      "fullFile": "cypress/integration/DateRangePicker.spec.ts",
      "file": "cypress/integration/DateRangePicker.spec.ts",
      "beforeHooks": [],
      "afterHooks": [],
      "tests": [],
      "suites": [
        {
          "uuid": "c7956044-f04c-4a75-ba3a-1c511bd87633",
          "title": "DateRangePicker",
          "fullFile": "",
          "file": "",
          "beforeHooks": [],
          "afterHooks": [],
          "tests": [
            {
              "title": "should render",
              "fullTitle": "DateRangePicker should render",
              "timedOut": null,
              "duration": 1380,
              "state": "passed",
              "speed": "fast",
              "pass": true,
              "fail": false,
              "pending": false,
              "context": null,
              "code": "cy.get('.DateRangeSelect').should('be.visible');",
              "err": {},
              "uuid": "ec6436b8-0034-4acb-acec-3fe98e542092",
              "parentUUID": "c7956044-f04c-4a75-ba3a-1c511bd87633",
              "isHook": false,
              "skipped": false
            },
            {
              "title": "should show calendar when clicking on Date Fields   :#mui-4",
              "fullTitle": "DateRangePicker should show calendar when clicking on Date Fields   :#mui-4",
              "timedOut": null,
              "duration": 1117,
              "state": "passed",
              "speed": "fast",
              "pass": true,
              "fail": false,
              "pending": false,
              "context": null,
              "code": "cy.get(element).click({ force: true });\ncy.get('[role=\"tooltip\"]').should('be.visible', \"Verify calendar is visible\");",
              "err": {},
              "uuid": "eb438df1-0897-4d9c-98c1-c6722c1c1557",
              "parentUUID": "c7956044-f04c-4a75-ba3a-1c511bd87633",
              "isHook": false,
              "skipped": false
            },
            {
              "title": "should show calendar when clicking on Date Fields   :#mui-5",
              "fullTitle": "DateRangePicker should show calendar when clicking on Date Fields   :#mui-5",
              "timedOut": null,
              "duration": 851,
              "state": "passed",
              "speed": "fast",
              "pass": true,
              "fail": false,
              "pending": false,
              "context": null,
              "code": "cy.get(element).click({ force: true });\ncy.get('[role=\"tooltip\"]').should('be.visible', \"Verify calendar is visible\");",
              "err": {},
              "uuid": "0e195742-cf67-42f4-8fdd-23eea1782e37",
              "parentUUID": "c7956044-f04c-4a75-ba3a-1c511bd87633",
              "isHook": false,
              "skipped": false
            },
            {
              "title": "verify able to select and Enter date range in both start and end field",
              "fullTitle": "DateRangePicker verify able to select and Enter date range in both start and end field",
              "timedOut": null,
              "duration": 4061,
              "state": "passed",
              "speed": "fast",
              "pass": true,
              "fail": false,
              "pending": false,
              "context": null,
              "code": "cy.get('#mui-4').click({ force: true });\ncy.get('[role=\"tooltip\"]').should('be.visible', \"Verify calendar is visible\");\ncy.get('button.MuiDateRangePickerDay-day').contains(currentDate.toLocaleString('en-US', { day: '2-digit' })).click();\ncy.get('#mui-4').should('have.value', formattedDate).click();\ncy.get('#mui-5').click({ force: true });\ncy.get('#mui-5').type(formattedDate).should('have.value', formattedDate).click();\ncy.get('#mui-4').should('have.value', formattedDate);",
              "err": {},
              "uuid": "6ca5746f-9ffe-45f3-8223-18c7e4aa3aa2",
              "parentUUID": "c7956044-f04c-4a75-ba3a-1c511bd87633",
              "isHook": false,
              "skipped": false
            }
          ],
          "suites": [],
          "passes": [
            "ec6436b8-0034-4acb-acec-3fe98e542092",
            "eb438df1-0897-4d9c-98c1-c6722c1c1557",
            "0e195742-cf67-42f4-8fdd-23eea1782e37",
            "6ca5746f-9ffe-45f3-8223-18c7e4aa3aa2"
          ],
          "failures": [],
          "pending": [],
          "skipped": [],
          "duration": 7409,
          "root": false,
          "rootEmpty": false,
          "_timeout": 2000
        }
      ],
      "passes": [],
      "failures": [],
      "pending": [],
      "skipped": [],
      "duration": 0,
      "root": true,
      "rootEmpty": true,
      "_timeout": 2000
    }
  ],
  "meta": {
    "mocha": {
      "version": "7.0.1"
    },
    "mochawesome": {
      "options": {
        "quiet": false,
        "reportFilename": "mochawesome",
        "saveHtml": true,
        "saveJson": true,
        "consoleReporter": "spec",
        "useInlineDiffs": false,
        "code": true
      },
      "version": "7.1.3"
    },
    "marge": {
      "options": {
        "reporterEnabled": "mochawesome",
        "mochawesomeReporterOptions": {
          "reportDir": "cypress/reports/mocha",
          "quite": true,
          "overwrite": false,
          "html": false,
          "json": true
        }
      },
      "version": "6.2.0"
    }
  }
}