{
  "stats": {
    "suites": 1,
    "tests": 4,
    "passes": 4,
    "pending": 0,
    "failures": 0,
    "start": "2024-04-15T05:09:01.360Z",
    "end": "2024-04-15T05:09:07.112Z",
    "duration": 5752,
    "testsRegistered": 4,
    "passPercent": 100,
    "pendingPercent": 0,
    "other": 0,
    "hasOther": false,
    "skipped": 0,
    "hasSkipped": false
  },
  "results": [
    {
      "uuid": "ecc8c864-6e0a-4e91-b494-603bccda2cce",
      "title": "",
      "fullFile": "cypress/integration/DateRangePicker.spec.ts",
      "file": "cypress/integration/DateRangePicker.spec.ts",
      "beforeHooks": [],
      "afterHooks": [],
      "tests": [],
      "suites": [
        {
          "uuid": "3dd527f3-0437-43d2-b7e9-9b075bc660c8",
          "title": "DateRangePicker",
          "fullFile": "",
          "file": "",
          "beforeHooks": [],
          "afterHooks": [],
          "tests": [
            {
              "title": "should render",
              "fullTitle": "DateRangePicker should render",
              "timedOut": null,
              "duration": 1463,
              "state": "passed",
              "speed": "fast",
              "pass": true,
              "fail": false,
              "pending": false,
              "context": null,
              "code": "cy.get('.DateRangeSelect').should('be.visible');",
              "err": {},
              "uuid": "3cbe1162-c0a7-475c-9076-0037842a3c24",
              "parentUUID": "3dd527f3-0437-43d2-b7e9-9b075bc660c8",
              "isHook": false,
              "skipped": false
            },
            {
              "title": "should show calendar when clicking on Date Fields   :#mui-4",
              "fullTitle": "DateRangePicker should show calendar when clicking on Date Fields   :#mui-4",
              "timedOut": null,
              "duration": 702,
              "state": "passed",
              "speed": "fast",
              "pass": true,
              "fail": false,
              "pending": false,
              "context": null,
              "code": "cy.get(element).click({ force: true });\ncy.get('[role=\"tooltip\"]').should('be.visible', \"Verify calendar is visible\");",
              "err": {},
              "uuid": "e5d3f7fd-afc2-44e5-b325-2356bb783542",
              "parentUUID": "3dd527f3-0437-43d2-b7e9-9b075bc660c8",
              "isHook": false,
              "skipped": false
            },
            {
              "title": "should show calendar when clicking on Date Fields   :#mui-5",
              "fullTitle": "DateRangePicker should show calendar when clicking on Date Fields   :#mui-5",
              "timedOut": null,
              "duration": 602,
              "state": "passed",
              "speed": "fast",
              "pass": true,
              "fail": false,
              "pending": false,
              "context": null,
              "code": "cy.get(element).click({ force: true });\ncy.get('[role=\"tooltip\"]').should('be.visible', \"Verify calendar is visible\");",
              "err": {},
              "uuid": "fe418b34-01b5-4127-a549-a824a2ccc090",
              "parentUUID": "3dd527f3-0437-43d2-b7e9-9b075bc660c8",
              "isHook": false,
              "skipped": false
            },
            {
              "title": "verify able to select and Enter date range in both start and end field",
              "fullTitle": "DateRangePicker verify able to select and Enter date range in both start and end field",
              "timedOut": null,
              "duration": 2898,
              "state": "passed",
              "speed": "fast",
              "pass": true,
              "fail": false,
              "pending": false,
              "context": null,
              "code": "cy.get('#mui-4').click({ force: true });\ncy.get('[role=\"tooltip\"]').should('be.visible', \"Verify calendar is visible\");\ncy.get('button.MuiDateRangePickerDay-day').contains(currentDate.toLocaleString('en-US', { day: '2-digit' })).click();\ncy.get('#mui-4').should('have.value', formattedDate).click();\ncy.get('#mui-5').click({ force: true });\ncy.get('#mui-5').type(formattedDate).should('have.value', formattedDate).click();\ncy.get('#mui-4').should('have.value', formattedDate);",
              "err": {},
              "uuid": "62f9582f-b27e-4de6-a254-fad876271b03",
              "parentUUID": "3dd527f3-0437-43d2-b7e9-9b075bc660c8",
              "isHook": false,
              "skipped": false
            }
          ],
          "suites": [],
          "passes": [
            "3cbe1162-c0a7-475c-9076-0037842a3c24",
            "e5d3f7fd-afc2-44e5-b325-2356bb783542",
            "fe418b34-01b5-4127-a549-a824a2ccc090",
            "62f9582f-b27e-4de6-a254-fad876271b03"
          ],
          "failures": [],
          "pending": [],
          "skipped": [],
          "duration": 5665,
          "root": false,
          "rootEmpty": false,
          "_timeout": 2000
        }
      ],
      "passes": [],
      "failures": [],
      "pending": [],
      "skipped": [],
      "duration": 0,
      "root": true,
      "rootEmpty": true,
      "_timeout": 2000
    }
  ],
  "meta": {
    "mocha": {
      "version": "7.0.1"
    },
    "mochawesome": {
      "options": {
        "quiet": false,
        "reportFilename": "mochawesome",
        "saveHtml": true,
        "saveJson": true,
        "consoleReporter": "spec",
        "useInlineDiffs": false,
        "code": true
      },
      "version": "7.1.3"
    },
    "marge": {
      "options": {
        "reporterEnabled": "mochawesome",
        "mochawesomeReporterOptions": {
          "reportDir": "cypress/reports/mocha",
          "quite": true,
          "overwrite": false,
          "html": false,
          "json": true
        }
      },
      "version": "6.2.0"
    }
  }
}